# JRE version: Java(TM) SE Runtime Environment (17.0.6+9) (build 17.0.6+9-LTS-190)
# Java VM: Java HotSpot(TM) 64-Bit Server VM (17.0.6+9-LTS-190, mixed mode, sharing, tiered, compressed oops, compressed class ptrs, g1 gc, windows-amd64)
GC Precious Log:
 CPUs: 8 total, 8 available
 Memory: 16185M
 Large Page Support: Disabled
 NUMA Support: Disabled
 Compressed Oops: Enabled (Zero based)
 Heap Region Size: 2M
 Heap Min Capacity: 8M
 Heap Initial Capacity: 254M
 Heap Max Capacity: 4048M
 Pre-touch: Disabled
 Parallel Workers: 8
 Concurrent Workers: 2
 Concurrent Refinement Workers: 8
 Periodic GC: Disabled
Heap:
 garbage-first heap   total 122880K, used 60585K [0x0000000703000000, 0x0000000800000000)
  region size 2048K, 2 young (4096K), 1 survivors (2048K)
 Metaspace       used 108232K, committed 108928K, reserved 1146880K
  class space    used 14342K, committed 14656K, reserved 1048576K
GC Heap History (20 events):
Event: 9.492 GC heap before
{Heap before GC invocations=22 (full 0):
 garbage-first heap   total 102400K, used 80949K [0x0000000703000000, 0x0000000800000000)
  region size 2048K, 19 young (38912K), 3 survivors (6144K)
 Metaspace       used 85902K, committed 86464K, reserved 1130496K
  class space    used 11616K, committed 11904K, reserved 1048576K
}
Event: 9.497 GC heap after
{Heap after GC invocations=23 (full 0):
 garbage-first heap   total 102400K, used 50101K [0x0000000703000000, 0x0000000800000000)
  region size 2048K, 2 young (4096K), 2 survivors (4096K)
 Metaspace       used 85902K, committed 86464K, reserved 1130496K
  class space    used 11616K, committed 11904K, reserved 1048576K
}
Event: 9.827 GC heap before
{Heap before GC invocations=23 (full 0):
 garbage-first heap   total 102400K, used 82869K [0x0000000703000000, 0x0000000800000000)
  region size 2048K, 18 young (36864K), 2 survivors (4096K)
 Metaspace       used 86870K, committed 87552K, reserved 1130496K
  class space    used 11787K, committed 12096K, reserved 1048576K
}
Event: 9.833 GC heap after
{Heap after GC invocations=24 (full 0):
 garbage-first heap   total 102400K, used 51499K [0x0000000703000000, 0x0000000800000000)
  region size 2048K, 2 young (4096K), 2 survivors (4096K)
 Metaspace       used 86870K, committed 87552K, reserved 1130496K
  class space    used 11787K, committed 12096K, reserved 1048576K
}
Event: 10.195 GC heap before
{Heap before GC invocations=25 (full 0):
 garbage-first heap   total 102400K, used 82219K [0x0000000703000000, 0x0000000800000000)
  region size 2048K, 17 young (34816K), 2 survivors (4096K)
 Metaspace       used 87980K, committed 88576K, reserved 1130496K
  class space    used 11961K, committed 12288K, reserved 1048576K
}
Event: 10.199 GC heap after
{Heap after GC invocations=26 (full 0):
 garbage-first heap   total 102400K, used 53491K [0x0000000703000000, 0x0000000800000000)
  region size 2048K, 2 young (4096K), 2 survivors (4096K)
 Metaspace       used 87980K, committed 88576K, reserved 1130496K
  class space    used 11961K, committed 12288K, reserved 1048576K
}
Event: 10.719 GC heap before
{Heap before GC invocations=26 (full 0):
 garbage-first heap   total 102400K, used 84211K [0x0000000703000000, 0x0000000800000000)
  region size 2048K, 17 young (34816K), 2 survivors (4096K)
 Metaspace       used 89370K, committed 89984K, reserved 1130496K
  class space    used 12196K, committed 12480K, reserved 1048576K
}
Event: 10.723 GC heap after
{Heap after GC invocations=27 (full 0):
 garbage-first heap   total 122880K, used 55502K [0x0000000703000000, 0x0000000800000000)
  region size 2048K, 2 young (4096K), 2 survivors (4096K)
 Metaspace       used 89370K, committed 89984K, reserved 1130496K
  class space    used 12196K, committed 12480K, reserved 1048576K
}
Event: 11.527 GC heap before
{Heap before GC invocations=28 (full 0):
 garbage-first heap   total 122880K, used 100558K [0x0000000703000000, 0x0000000800000000)
  region size 2048K, 24 young (49152K), 2 survivors (4096K)
 Metaspace       used 95757K, committed 96384K, reserved 1138688K
  class space    used 13113K, committed 13376K, reserved 1048576K
}
Event: 11.533 GC heap after
{Heap after GC invocations=29 (full 0):
 garbage-first heap   total 122880K, used 59373K [0x0000000703000000, 0x0000000800000000)
  region size 2048K, 3 young (6144K), 3 survivors (6144K)
 Metaspace       used 95757K, committed 96384K, reserved 1138688K
  class space    used 13113K, committed 13376K, reserved 1048576K
}
Event: 21.132 GC heap before
{Heap before GC invocations=29 (full 0):
 garbage-first heap   total 122880K, used 100333K [0x0000000703000000, 0x0000000800000000)
  region size 2048K, 23 young (47104K), 3 survivors (6144K)
 Metaspace       used 105694K, committed 106368K, reserved 1146880K
  class space    used 14130K, committed 14464K, reserved 1048576K
}
Event: 21.137 GC heap after
{Heap after GC invocations=30 (full 0):
 garbage-first heap   total 122880K, used 61620K [0x0000000703000000, 0x0000000800000000)
  region size 2048K, 2 young (4096K), 2 survivors (4096K)
 Metaspace       used 105694K, committed 106368K, reserved 1146880K
  class space    used 14130K, committed 14464K, reserved 1048576K
}
Event: 259.580 GC heap before
{Heap before GC invocations=30 (full 0):
 garbage-first heap   total 122880K, used 96436K [0x0000000703000000, 0x0000000800000000)
  region size 2048K, 20 young (40960K), 2 survivors (4096K)
 Metaspace       used 107775K, committed 108480K, reserved 1146880K
  class space    used 14327K, committed 14656K, reserved 1048576K
}
Event: 259.615 GC heap after
{Heap after GC invocations=31 (full 0):
 garbage-first heap   total 122880K, used 62246K [0x0000000703000000, 0x0000000800000000)
  region size 2048K, 2 young (4096K), 2 survivors (4096K)
 Metaspace       used 107775K, committed 108480K, reserved 1146880K
  class space    used 14327K, committed 14656K, reserved 1048576K
}
Event: 594.808 GC heap before
{Heap before GC invocations=32 (full 0):
 garbage-first heap   total 122880K, used 99110K [0x0000000703000000, 0x0000000800000000)
  region size 2048K, 20 young (40960K), 2 survivors (4096K)
 Metaspace       used 108010K, committed 108672K, reserved 1146880K
  class space    used 14342K, committed 14656K, reserved 1048576K
}
Event: 594.812 GC heap after
{Heap after GC invocations=33 (full 0):
 garbage-first heap   total 122880K, used 62249K [0x0000000703000000, 0x0000000800000000)
  region size 2048K, 2 young (4096K), 2 survivors (4096K)
 Metaspace       used 108010K, committed 108672K, reserved 1146880K
  class space    used 14342K, committed 14656K, reserved 1048576K
}
Event: 612.531 GC heap before
{Heap before GC invocations=33 (full 0):
 garbage-first heap   total 122880K, used 64297K [0x0000000703000000, 0x0000000800000000)
  region size 2048K, 3 young (6144K), 2 survivors (4096K)
 Metaspace       used 108026K, committed 108672K, reserved 1146880K
  class space    used 14342K, committed 14656K, reserved 1048576K
}
Event: 612.541 GC heap after
{Heap after GC invocations=34 (full 0):
 garbage-first heap   total 122880K, used 60718K [0x0000000703000000, 0x0000000800000000)
  region size 2048K, 1 young (2048K), 1 survivors (2048K)
 Metaspace       used 108026K, committed 108672K, reserved 1146880K
  class space    used 14342K, committed 14656K, reserved 1048576K
}
Event: 1011.220 GC heap before
{Heap before GC invocations=34 (full 0):
 garbage-first heap   total 122880K, used 101678K [0x0000000703000000, 0x0000000800000000)
  region size 2048K, 21 young (43008K), 1 survivors (2048K)
 Metaspace       used 108229K, committed 108864K, reserved 1146880K
  class space    used 14342K, committed 14656K, reserved 1048576K
}
Event: 1011.228 GC heap after
{Heap after GC invocations=35 (full 0):
 garbage-first heap   total 122880K, used 60585K [0x0000000703000000, 0x0000000800000000)
  region size 2048K, 1 young (2048K), 1 survivors (2048K)
 Metaspace       used 108229K, committed 108864K, reserved 1146880K
  class space    used 14342K, committed 14656K, reserved 1048576K
}

